[2025-11-05 16:02:07] - pysep - INFO: creating event metadata with user parameters
[2025-11-05 16:02:07] - pysep - INFO: event info summary - origin time: 2017-09-03T03:30:01.000000Z; lat=41.30; lon=129.08; depth[km]=0.5; magnitude=5.24
[2025-11-05 16:02:07] - pysep - INFO: full output directory is: /Users/u7091895/Documents/Research/BayMTI/HiBaysin/data/20170903033001000
[2025-11-05 16:02:07] - pysep - INFO: writing config YAML file
[2025-11-05 16:02:07] - pysep - INFO: querying IRIS for station metadata
[2025-11-05 16:02:39] - pysep - INFO: creating event metadata with user parameters
[2025-11-05 16:02:39] - pysep - INFO: creating event metadata with user parameters
[2025-11-05 16:02:39] - pysep - INFO: event info summary - origin time: 2017-09-03T03:30:01.000000Z; lat=41.30; lon=129.08; depth[km]=0.5; magnitude=5.24
[2025-11-05 16:02:39] - pysep - INFO: event info summary - origin time: 2017-09-03T03:30:01.000000Z; lat=41.30; lon=129.08; depth[km]=0.5; magnitude=5.24
[2025-11-05 16:02:39] - pysep - INFO: full output directory is: /Users/u7091895/Documents/Research/BayMTI/HiBaysin/data/20170903033001000
[2025-11-05 16:02:39] - pysep - INFO: full output directory is: /Users/u7091895/Documents/Research/BayMTI/HiBaysin/data/20170903033001000
[2025-11-05 16:02:39] - pysep - INFO: writing config YAML file
[2025-11-05 16:02:39] - pysep - INFO: writing config YAML file
[2025-11-05 16:02:39] - pysep - INFO: querying IRIS for station metadata
[2025-11-05 16:02:39] - pysep - INFO: querying IRIS for station metadata
[2025-11-05 16:06:02] - pysep - INFO: creating event metadata with user parameters
[2025-11-05 16:06:02] - pysep - INFO: event info summary - origin time: 2017-09-03T03:30:01.000000Z; lat=41.30; lon=129.08; depth[km]=0.5; magnitude=5.24
[2025-11-05 16:06:02] - pysep - INFO: full output directory is: /Users/u7091895/Documents/Research/BayMTI/HiBaysin/data/20170903033001000
[2025-11-05 16:06:02] - pysep - INFO: writing config YAML file
[2025-11-05 16:06:02] - pysep - INFO: querying IRIS for station metadata
[2025-11-05 16:07:13] - pysep - INFO: collected 872 channels from 165 stations in 5 networks from IRIS
[2025-11-05 16:07:14] - pysep - INFO: 156 traces outside distance bounds [0, 1300]km
[2025-11-05 16:07:14] - pysep - INFO: 0 traces outside azimuth bounds [0, 360]deg
[2025-11-05 16:07:14] - pysep - INFO: querying client 'IRIS' for waveforms
[2025-11-05 16:07:14] - pysep - INFO: querying 9 lines in bulk client request...
[2025-11-05 16:09:21] - pysep - INFO: 42 waveforms returned after query
[2025-11-05 16:09:21] - pysep - INFO: writing stations file
[2025-11-05 16:09:21] - pysep - INFO: cleaning up channel naming
[2025-11-05 16:09:34] - pysep - INFO: applying linear detrend to all data
[2025-11-05 16:09:35] - pysep - INFO: removing response, output units in: DISP
[2025-11-05 16:09:35] - pysep - INFO: will apply pre-filter: default
[2025-11-05 16:09:41] - pysep - INFO: applying amplitude scale factor: 1
[2025-11-05 16:09:41] - pysep - INFO: trimming start and end times on a per-station basis
[2025-11-05 16:09:42] - pysep - INFO: formatting stream of length 42 for component rotation
[2025-11-05 16:09:42] - pysep - INFO: stream formatting returned 42 traces
[2025-11-05 16:09:42] - pysep - INFO: rotating to components ZNE
[2025-11-05 16:09:46] - pysep - INFO: rotating to components RTZ
[2025-11-05 16:09:46] - pysep - INFO: writing CAP weight files
[2025-11-05 16:09:46] - pysep - INFO: writing RTZ waveforms traces in SAC format
[2025-11-05 16:09:48] - pysep - INFO: plotting source receiver map
