[2025-11-05 19:31:49] - pysep - INFO: creating event metadata with user parameters
[2025-11-05 19:31:49] - pysep - INFO: event info summary - origin time: 2016-09-09T00:30:01.000000Z; lat=41.30; lon=129.08; depth[km]=0.5; magnitude=4.73
[2025-11-05 19:31:49] - pysep - INFO: full output directory is: /Users/u7091895/Documents/Research/BayMTI/HiBaysin/data/20160909003001000
[2025-11-05 19:31:49] - pysep - INFO: writing config YAML file
[2025-11-05 19:31:49] - pysep - INFO: querying IRIS for station metadata
[2025-11-05 19:32:59] - pysep - INFO: collected 851 channels from 164 stations in 5 networks from IRIS
[2025-11-05 19:33:00] - pysep - INFO: 155 traces outside distance bounds [0, 1300]km
[2025-11-05 19:33:00] - pysep - INFO: 0 traces outside azimuth bounds [0, 360]deg
[2025-11-05 19:33:00] - pysep - INFO: querying client 'IRIS' for waveforms
[2025-11-05 19:33:00] - pysep - INFO: querying 9 lines in bulk client request...
[2025-11-05 19:35:14] - pysep - INFO: 42 waveforms returned after query
[2025-11-05 19:35:14] - pysep - INFO: writing stations file
[2025-11-05 19:35:14] - pysep - INFO: cleaning up channel naming
[2025-11-05 19:35:26] - pysep - INFO: applying linear detrend to all data
[2025-11-05 19:35:26] - pysep - INFO: removing response, output units in: DISP
[2025-11-05 19:35:26] - pysep - INFO: will apply pre-filter: default
[2025-11-05 19:35:32] - pysep - INFO: applying amplitude scale factor: 1
[2025-11-05 19:35:32] - pysep - INFO: trimming start and end times on a per-station basis
[2025-11-05 19:35:32] - pysep - INFO: formatting stream of length 42 for component rotation
[2025-11-05 19:35:32] - pysep - INFO: stream formatting returned 42 traces
[2025-11-05 19:35:32] - pysep - INFO: rotating to components ZNE
[2025-11-05 19:35:36] - pysep - INFO: rotating to components RTZ
[2025-11-05 19:35:36] - pysep - INFO: writing CAP weight files
[2025-11-05 19:35:36] - pysep - INFO: writing RTZ waveforms traces in SAC format
[2025-11-05 19:35:37] - pysep - INFO: plotting source receiver map
[2025-11-05 19:36:09] - pysep - INFO: starting record section plotter
[2025-11-05 19:36:09] - pysep - INFO: checking parameter acceptability
[2025-11-05 19:36:09] - pysep - INFO: getting source-receiver stats
[2025-11-05 19:36:09] - pysep - INFO: calculating source-receiver distance and (back)azimuths
[2025-11-05 19:36:09] - pysep - INFO: preprocessing 14 `st` waveforms
[2025-11-05 19:36:09] - pysep - INFO: applying bandpass filter w/ [0.02, 20]
[2025-11-05 19:36:09] - pysep - INFO: calculating starttime offsets from event origin time 2016-09-09T00:30:01.000000Z
[2025-11-05 19:36:09] - pysep - INFO: determining sort order with parameter: distance
[2025-11-05 19:36:09] - pysep - INFO: determining if any stations/channels should be skipped
[2025-11-05 19:36:09] - pysep - INFO: criteria check will remove 0/14 traces
[2025-11-05 19:36:09] - pysep - INFO: determining y-axis positioning for sort: distance
[2025-11-05 19:36:09] - pysep - INFO: determining amplitude scaling w.r.t st with: 'normalize'
[2025-11-05 19:36:09] - pysep - INFO: plotting record section for 14 waveforms
[2025-11-05 19:36:09] - pysep - DEBUG: plotting line check starting from bottom (y=0)
[2025-11-05 19:36:09] - pysep - DEBUG: 
IDX	Y		ID	DIST	AZ	BAZ	TSHIFT	TOFFSET	YABSMAX
[2025-11-05 19:36:10] - pysep - DEBUG: 
12	0	IU.YSS.00.BHZ	1260.12	 55.47	245.03	0.00	-3599.95	5.01E-07
6	1	II.ERM.10.BHZ	1173.90	 81.44	270.82	0.00	-3599.98	7.09E-07
5	2	II.ERM.00.BHZ	1173.90	 81.44	270.82	0.00	-3599.98	7.05E-07
2	3	IC.HIA.00.BHZ	1147.96	323.66	137.00	0.00	-3599.98	6.70E-07
1	4	IC.BJT.00.BHZ	1099.82	266.84	 78.41	0.00	-3599.98	5.24E-07
0	5	G.INU.00.BHZ	957.83	131.00	315.94	0.00	-3599.99	8.16E-07
11	6	IU.MAJO.60.BHZ	950.12	120.76	306.50	0.00	-3599.98	9.67E-07
10	7	IU.MAJO.10.BHZ	950.12	120.76	306.50	0.00	-3599.98	9.75E-07
9	8	IU.MAJO.00.BHZ	950.12	120.76	306.50	0.00	-3599.98	9.22E-07
13	9	KG.TJN..BHZ	565.85	195.83	 14.76	0.00	-3599.98	8.54E-07
8	10	IU.INCN.10.BHZ	473.90	207.30	 25.74	0.00	-3599.98	1.09E-06
7	11	IU.INCN.00.BHZ	473.90	207.30	 25.74	0.00	-3599.98	1.10E-06
4	12	IC.MDJ.60.BHZ	371.19	  6.30	186.65	0.00	-3599.98	1.31E-06
3	13	IC.MDJ.00.BHZ	371.19	  6.30	186.65	0.00	-3599.98	1.34E-06

[2025-11-05 19:36:10] - pysep - INFO: placing station labels on y-axis at: y_axis
[2025-11-05 19:36:10] - pysep - INFO: user requests inverting y-axis with absolute reverse sort
[2025-11-05 19:36:10] - pysep - INFO: saving figure to ./record_section.png
[2025-11-05 19:36:10] - pysep - INFO: finished record section in t=0:00:01.306310s
