[2025-11-05 17:40:53] - pysep - INFO: creating event metadata with user parameters
[2025-11-05 17:40:53] - pysep - INFO: event info summary - origin time: 2016-01-06T01:30:00.000000Z; lat=41.30; lon=129.07; depth[km]=0.5; magnitude=4.48
[2025-11-05 17:40:53] - pysep - INFO: full output directory is: /Users/u7091895/Documents/Research/BayMTI/HiBaysin/data/20160106013000000
[2025-11-05 17:40:53] - pysep - INFO: writing config YAML file
[2025-11-05 17:40:53] - pysep - INFO: querying IRIS for station metadata
[2025-11-05 17:41:22] - pysep - INFO: creating event metadata with user parameters
[2025-11-05 17:41:22] - pysep - INFO: event info summary - origin time: 2016-01-06T01:30:00.000000Z; lat=41.30; lon=129.07; depth[km]=0.5; magnitude=4.48
[2025-11-05 17:41:22] - pysep - INFO: full output directory is: /Users/u7091895/Documents/Research/BayMTI/HiBaysin/data/20160106013000000
[2025-11-05 17:41:22] - pysep - INFO: writing config YAML file
[2025-11-05 17:41:22] - pysep - INFO: querying IRIS for station metadata
[2025-11-05 17:42:33] - pysep - INFO: collected 855 channels from 164 stations in 5 networks from IRIS
[2025-11-05 17:42:34] - pysep - INFO: 155 traces outside distance bounds [0, 1300]km
[2025-11-05 17:42:34] - pysep - INFO: 0 traces outside azimuth bounds [0, 360]deg
[2025-11-05 17:42:34] - pysep - INFO: querying client 'IRIS' for waveforms
[2025-11-05 17:42:34] - pysep - INFO: querying 9 lines in bulk client request...
[2025-11-05 17:44:28] - pysep - INFO: 39 waveforms returned after query
[2025-11-05 17:44:28] - pysep - INFO: writing stations file
[2025-11-05 17:44:29] - pysep - INFO: cleaning up channel naming
[2025-11-05 17:44:40] - pysep - INFO: applying linear detrend to all data
[2025-11-05 17:44:41] - pysep - INFO: removing response, output units in: DISP
[2025-11-05 17:44:41] - pysep - INFO: will apply pre-filter: default
[2025-11-05 17:44:47] - pysep - INFO: applying amplitude scale factor: 1
[2025-11-05 17:44:47] - pysep - INFO: trimming start and end times on a per-station basis
[2025-11-05 17:44:47] - pysep - INFO: formatting stream of length 39 for component rotation
[2025-11-05 17:44:47] - pysep - INFO: stream formatting returned 39 traces
[2025-11-05 17:44:47] - pysep - INFO: rotating to components ZNE
[2025-11-05 17:44:51] - pysep - INFO: rotating to components RTZ
[2025-11-05 17:44:51] - pysep - INFO: writing CAP weight files
[2025-11-05 17:44:51] - pysep - INFO: writing RTZ waveforms traces in SAC format
[2025-11-05 17:44:52] - pysep - INFO: plotting source receiver map
[2025-11-05 17:46:18] - pysep - INFO: starting record section plotter
[2025-11-05 17:46:18] - pysep - INFO: checking parameter acceptability
[2025-11-05 17:46:18] - pysep - INFO: getting source-receiver stats
[2025-11-05 17:46:18] - pysep - INFO: calculating source-receiver distance and (back)azimuths
[2025-11-05 17:46:18] - pysep - INFO: preprocessing 13 `st` waveforms
[2025-11-05 17:46:18] - pysep - INFO: applying bandpass filter w/ [0.02, 20]
[2025-11-05 17:46:18] - pysep - INFO: calculating starttime offsets from event origin time 2016-01-06T01:30:00.000000Z
[2025-11-05 17:46:18] - pysep - INFO: determining sort order with parameter: distance
[2025-11-05 17:46:18] - pysep - INFO: determining if any stations/channels should be skipped
[2025-11-05 17:46:18] - pysep - INFO: criteria check will remove 0/13 traces
[2025-11-05 17:46:18] - pysep - INFO: determining y-axis positioning for sort: distance
[2025-11-05 17:46:18] - pysep - INFO: determining amplitude scaling w.r.t st with: 'normalize'
[2025-11-05 17:46:18] - pysep - INFO: plotting record section for 13 waveforms
[2025-11-05 17:46:18] - pysep - DEBUG: plotting line check starting from bottom (y=0)
[2025-11-05 17:46:18] - pysep - DEBUG: 
IDX	Y		ID	DIST	AZ	BAZ	TSHIFT	TOFFSET	YABSMAX
[2025-11-05 17:46:19] - pysep - DEBUG: 
11	0	IU.YSS.00.BHZ	1260.81	 55.50	245.07	0.00	-3599.95	4.59E-05
5	1	II.ERM.10.BHZ	1174.89	 81.45	270.84	0.00	-3599.98	4.44E-07
4	2	II.ERM.00.BHZ	1174.89	 81.45	270.84	0.00	-3599.98	4.44E-07
2	3	IC.HIA.00.BHZ	1147.12	323.68	137.03	0.00	-3599.98	4.38E-07
1	4	IC.BJT.00.BHZ	1098.80	266.81	 78.39	0.00	-3599.98	3.38E-07
0	5	G.INU.00.BHZ	958.79	130.96	315.91	0.00	-3599.99	5.47E-07
10	6	IU.MAJO.60.BHZ	951.16	120.73	306.48	0.00	-3599.98	6.09E-07
9	7	IU.MAJO.10.BHZ	951.16	120.73	306.48	0.00	-3599.98	6.13E-07
8	8	IU.MAJO.00.BHZ	951.16	120.73	306.48	0.00	-3599.98	5.84E-07
12	9	KG.TJN..BHZ	565.83	195.72	 14.65	0.00	-3599.98	6.16E-07
7	10	IU.INCN.10.BHZ	473.67	207.17	 25.62	0.00	-3599.98	6.89E-07
6	11	IU.INCN.00.BHZ	473.67	207.17	 25.62	0.00	-3599.98	6.92E-07
3	12	IC.MDJ.00.BHZ	371.03	  6.46	186.82	0.00	-3599.98	8.90E-07

[2025-11-05 17:46:19] - pysep - INFO: placing station labels on y-axis at: y_axis
[2025-11-05 17:46:19] - pysep - INFO: user requests inverting y-axis with absolute reverse sort
[2025-11-05 17:46:19] - pysep - INFO: saving figure to ./record_section.png
[2025-11-05 17:46:19] - pysep - INFO: finished record section in t=0:00:01.316210s
[2025-11-05 17:47:24] - pysep - INFO: starting record section plotter
[2025-11-05 17:47:24] - pysep - INFO: checking parameter acceptability
[2025-11-05 17:47:24] - pysep - INFO: getting source-receiver stats
[2025-11-05 17:47:24] - pysep - INFO: calculating source-receiver distance and (back)azimuths
[2025-11-05 17:47:24] - pysep - INFO: preprocessing 13 `st` waveforms
[2025-11-05 17:47:24] - pysep - INFO: applying bandpass filter w/ [0.02, 20]
[2025-11-05 17:47:24] - pysep - INFO: calculating starttime offsets from event origin time 2016-01-06T01:30:00.000000Z
[2025-11-05 17:47:25] - pysep - INFO: determining sort order with parameter: distance
[2025-11-05 17:47:25] - pysep - INFO: determining if any stations/channels should be skipped
[2025-11-05 17:47:25] - pysep - INFO: criteria check will remove 0/13 traces
[2025-11-05 17:47:25] - pysep - INFO: determining y-axis positioning for sort: distance
[2025-11-05 17:47:25] - pysep - INFO: determining amplitude scaling w.r.t st with: 'normalize'
[2025-11-05 17:47:25] - pysep - INFO: plotting record section for 13 waveforms
[2025-11-05 17:47:25] - pysep - DEBUG: plotting line check starting from bottom (y=0)
[2025-11-05 17:47:25] - pysep - DEBUG: 
IDX	Y		ID	DIST	AZ	BAZ	TSHIFT	TOFFSET	YABSMAX
[2025-11-05 17:47:25] - pysep - DEBUG: 
11	0	IU.YSS.00.BHZ	1260.81	 55.50	245.07	0.00	-3599.95	4.59E-05
5	1	II.ERM.10.BHZ	1174.89	 81.45	270.84	0.00	-3599.98	4.44E-07
4	2	II.ERM.00.BHZ	1174.89	 81.45	270.84	0.00	-3599.98	4.44E-07
2	3	IC.HIA.00.BHZ	1147.12	323.68	137.03	0.00	-3599.98	4.38E-07
1	4	IC.BJT.00.BHZ	1098.80	266.81	 78.39	0.00	-3599.98	3.38E-07
0	5	G.INU.00.BHZ	958.79	130.96	315.91	0.00	-3599.99	5.47E-07
10	6	IU.MAJO.60.BHZ	951.16	120.73	306.48	0.00	-3599.98	6.09E-07
9	7	IU.MAJO.10.BHZ	951.16	120.73	306.48	0.00	-3599.98	6.13E-07
8	8	IU.MAJO.00.BHZ	951.16	120.73	306.48	0.00	-3599.98	5.84E-07
12	9	KG.TJN..BHZ	565.83	195.72	 14.65	0.00	-3599.98	6.16E-07
7	10	IU.INCN.10.BHZ	473.67	207.17	 25.62	0.00	-3599.98	6.89E-07
6	11	IU.INCN.00.BHZ	473.67	207.17	 25.62	0.00	-3599.98	6.92E-07
3	12	IC.MDJ.00.BHZ	371.03	  6.46	186.82	0.00	-3599.98	8.90E-07

[2025-11-05 17:47:25] - pysep - INFO: placing station labels on y-axis at: y_axis
[2025-11-05 17:47:25] - pysep - INFO: user requests inverting y-axis with absolute reverse sort
[2025-11-05 17:47:25] - pysep - INFO: saving figure to ./record_section.png
[2025-11-05 17:47:26] - pysep - INFO: finished record section in t=0:00:01.186386s
[2025-11-05 17:50:03] - pysep - INFO: starting record section plotter
[2025-11-05 17:50:03] - pysep - INFO: checking parameter acceptability
[2025-11-05 17:50:03] - pysep - INFO: getting source-receiver stats
[2025-11-05 17:50:03] - pysep - INFO: calculating source-receiver distance and (back)azimuths
[2025-11-05 17:50:03] - pysep - INFO: preprocessing 13 `st` waveforms
[2025-11-05 17:50:03] - pysep - INFO: applying bandpass filter w/ [0.02, 20]
[2025-11-05 17:50:03] - pysep - INFO: calculating starttime offsets from event origin time 2016-01-06T01:30:00.000000Z
[2025-11-05 17:50:03] - pysep - INFO: determining sort order with parameter: distance
[2025-11-05 17:50:03] - pysep - INFO: determining if any stations/channels should be skipped
[2025-11-05 17:50:03] - pysep - INFO: criteria check will remove 0/13 traces
[2025-11-05 17:50:03] - pysep - INFO: determining y-axis positioning for sort: distance
[2025-11-05 17:50:03] - pysep - INFO: determining amplitude scaling w.r.t st with: 'normalize'
[2025-11-05 17:50:03] - pysep - INFO: plotting record section for 13 waveforms
[2025-11-05 17:50:03] - pysep - DEBUG: plotting line check starting from bottom (y=0)
[2025-11-05 17:50:03] - pysep - DEBUG: 
IDX	Y		ID	DIST	AZ	BAZ	TSHIFT	TOFFSET	YABSMAX
[2025-11-05 17:50:04] - pysep - DEBUG: 
11	0	IU.YSS.00.BHZ	1260.81	 55.50	245.07	0.00	-3599.95	4.59E-05
5	1	II.ERM.10.BHZ	1174.89	 81.45	270.84	0.00	-3599.98	4.44E-07
4	2	II.ERM.00.BHZ	1174.89	 81.45	270.84	0.00	-3599.98	4.44E-07
2	3	IC.HIA.00.BHZ	1147.12	323.68	137.03	0.00	-3599.98	4.38E-07
1	4	IC.BJT.00.BHZ	1098.80	266.81	 78.39	0.00	-3599.98	3.38E-07
0	5	G.INU.00.BHZ	958.79	130.96	315.91	0.00	-3599.99	5.47E-07
10	6	IU.MAJO.60.BHZ	951.16	120.73	306.48	0.00	-3599.98	6.09E-07
9	7	IU.MAJO.10.BHZ	951.16	120.73	306.48	0.00	-3599.98	6.13E-07
8	8	IU.MAJO.00.BHZ	951.16	120.73	306.48	0.00	-3599.98	5.84E-07
12	9	KG.TJN..BHZ	565.83	195.72	 14.65	0.00	-3599.98	6.16E-07
7	10	IU.INCN.10.BHZ	473.67	207.17	 25.62	0.00	-3599.98	6.89E-07
6	11	IU.INCN.00.BHZ	473.67	207.17	 25.62	0.00	-3599.98	6.92E-07
3	12	IC.MDJ.00.BHZ	371.03	  6.46	186.82	0.00	-3599.98	8.90E-07

[2025-11-05 17:50:04] - pysep - INFO: placing station labels on y-axis at: y_axis
[2025-11-05 17:50:04] - pysep - INFO: user requests inverting y-axis with absolute reverse sort
[2025-11-05 17:50:04] - pysep - INFO: saving figure to ./record_section.png
[2025-11-05 17:50:04] - pysep - INFO: finished record section in t=0:00:01.155815s
[2025-11-05 17:50:25] - pysep - INFO: starting record section plotter
[2025-11-05 17:50:25] - pysep - INFO: checking parameter acceptability
[2025-11-05 17:50:25] - pysep - INFO: getting source-receiver stats
[2025-11-05 17:50:25] - pysep - INFO: calculating source-receiver distance and (back)azimuths
[2025-11-05 17:50:25] - pysep - INFO: preprocessing 13 `st` waveforms
[2025-11-05 17:50:25] - pysep - INFO: applying bandpass filter w/ [0.02, 20]
[2025-11-05 17:50:25] - pysep - INFO: calculating starttime offsets from event origin time 2016-01-06T01:30:00.000000Z
[2025-11-05 17:50:25] - pysep - INFO: determining sort order with parameter: distance
[2025-11-05 17:50:25] - pysep - INFO: determining if any stations/channels should be skipped
[2025-11-05 17:50:25] - pysep - INFO: criteria check will remove 0/13 traces
[2025-11-05 17:50:25] - pysep - INFO: determining y-axis positioning for sort: distance
[2025-11-05 17:50:25] - pysep - INFO: determining amplitude scaling w.r.t st with: 'normalize'
[2025-11-05 17:50:25] - pysep - INFO: plotting record section for 13 waveforms
[2025-11-05 17:50:25] - pysep - DEBUG: plotting line check starting from bottom (y=0)
[2025-11-05 17:50:25] - pysep - DEBUG: 
IDX	Y		ID	DIST	AZ	BAZ	TSHIFT	TOFFSET	YABSMAX
[2025-11-05 17:50:25] - pysep - DEBUG: 
11	0	IU.YSS.00.BHZ	1260.81	 55.50	245.07	0.00	-3599.95	4.59E-05
5	1	II.ERM.10.BHZ	1174.89	 81.45	270.84	0.00	-3599.98	4.44E-07
4	2	II.ERM.00.BHZ	1174.89	 81.45	270.84	0.00	-3599.98	4.44E-07
2	3	IC.HIA.00.BHZ	1147.12	323.68	137.03	0.00	-3599.98	4.38E-07
1	4	IC.BJT.00.BHZ	1098.80	266.81	 78.39	0.00	-3599.98	3.38E-07
0	5	G.INU.00.BHZ	958.79	130.96	315.91	0.00	-3599.99	5.47E-07
10	6	IU.MAJO.60.BHZ	951.16	120.73	306.48	0.00	-3599.98	6.09E-07
9	7	IU.MAJO.10.BHZ	951.16	120.73	306.48	0.00	-3599.98	6.13E-07
8	8	IU.MAJO.00.BHZ	951.16	120.73	306.48	0.00	-3599.98	5.84E-07
12	9	KG.TJN..BHZ	565.83	195.72	 14.65	0.00	-3599.98	6.16E-07
7	10	IU.INCN.10.BHZ	473.67	207.17	 25.62	0.00	-3599.98	6.89E-07
6	11	IU.INCN.00.BHZ	473.67	207.17	 25.62	0.00	-3599.98	6.92E-07
3	12	IC.MDJ.00.BHZ	371.03	  6.46	186.82	0.00	-3599.98	8.90E-07

[2025-11-05 17:50:25] - pysep - INFO: placing station labels on y-axis at: y_axis
[2025-11-05 17:50:25] - pysep - INFO: user requests inverting y-axis with absolute reverse sort
[2025-11-05 17:50:25] - pysep - INFO: saving figure to ./record_section.png
[2025-11-05 17:50:26] - pysep - INFO: finished record section in t=0:00:01.253913s
