[2025-10-01 13:13:10] - pysep - INFO: creating event metadata with user parameters
[2025-10-01 13:13:10] - pysep - INFO: event info summary - origin time: 2009-05-25T00:54:43.000000Z; lat=41.29; lon=129.08; depth[km]=0.5; magnitude=4.39
[2025-10-01 13:13:10] - pysep - INFO: full output directory is: /Users/u7091895/Documents/Research/BayMTI/HiBaysin/data/20090525005443000
[2025-10-01 13:13:10] - pysep - INFO: querying IRIS for station metadata
[2025-10-01 13:14:18] - pysep - INFO: collected 423 channels from 143 stations in 4 networks from IRIS
[2025-10-01 13:14:19] - pysep - INFO: 135 traces outside distance bounds [0, 1300]km
[2025-10-01 13:14:20] - pysep - INFO: 0 traces outside azimuth bounds [0, 360]deg
[2025-10-01 13:14:20] - pysep - INFO: querying client 'IRIS' for waveforms
[2025-10-01 13:14:20] - pysep - INFO: querying 8 lines in bulk client request...
[2025-10-01 13:15:01] - pysep - INFO: 30 waveforms returned after query
[2025-10-01 13:15:01] - pysep - INFO: cleaning up channel naming
[2025-10-01 13:15:08] - pysep - INFO: applying linear detrend to all data
[2025-10-01 13:15:08] - pysep - INFO: removing response, output units in: DISP
[2025-10-01 13:15:08] - pysep - INFO: will apply pre-filter: default
[2025-10-01 13:15:12] - pysep - INFO: applying amplitude scale factor: 1
[2025-10-01 13:15:12] - pysep - INFO: trimming start and end times on a per-station basis
[2025-10-01 13:15:12] - pysep - INFO: IC.HIA.00.BHE has data gaps, filling with: 0
[2025-10-01 13:15:12] - pysep - INFO: IC.HIA.00.BHN has data gaps, filling with: 0
[2025-10-01 13:15:12] - pysep - INFO: IC.HIA.00.BHZ has data gaps, filling with: 0
[2025-10-01 13:15:12] - pysep - INFO: formatting stream of length 24 for component rotation
[2025-10-01 13:15:12] - pysep - INFO: stream formatting returned 24 traces
[2025-10-01 13:15:12] - pysep - INFO: rotating to components ZNE
[2025-10-01 13:15:14] - pysep - INFO: rotating to components RTZ
[2025-10-01 13:15:14] - pysep - INFO: writing CAP weight files
[2025-10-01 13:15:14] - pysep - INFO: writing RTZ waveforms traces in SAC format
[2025-10-01 13:15:14] - pysep - INFO: plotting source receiver map
[2025-10-01 13:15:39] - pysep - INFO: starting record section plotter
[2025-10-01 13:15:39] - pysep - INFO: checking parameter acceptability
[2025-10-01 13:15:39] - pysep - INFO: getting source-receiver stats
[2025-10-01 13:15:39] - pysep - INFO: calculating source-receiver distance and (back)azimuths
[2025-10-01 13:15:39] - pysep - INFO: preprocessing 8 `st` waveforms
[2025-10-01 13:15:39] - pysep - INFO: applying bandpass filter w/ [0.02, 20]
[2025-10-01 13:15:39] - pysep - INFO: calculating starttime offsets from event origin time 2009-05-25T00:54:43.000000Z
[2025-10-01 13:15:39] - pysep - INFO: determining sort order with parameter: distance
[2025-10-01 13:15:39] - pysep - INFO: determining if any stations/channels should be skipped
[2025-10-01 13:15:39] - pysep - INFO: criteria check will remove 0/8 traces
[2025-10-01 13:15:39] - pysep - INFO: determining y-axis positioning for sort: distance
[2025-10-01 13:15:39] - pysep - INFO: determining amplitude scaling w.r.t st with: 'normalize'
[2025-10-01 13:15:39] - pysep - INFO: plotting record section for 8 waveforms
[2025-10-01 13:15:39] - pysep - DEBUG: plotting line check starting from bottom (y=0)
[2025-10-01 13:15:39] - pysep - DEBUG: 
IDX	Y		ID	DIST	AZ	BAZ	TSHIFT	TOFFSET	YABSMAX
[2025-10-01 13:15:40] - pysep - DEBUG: 
7	0	IU.YSS.00.BHZ	1260.50	 55.46	245.02	0.00	-3599.95	3.32E-05
4	1	II.ERM.00.BHZ	1174.17	 81.42	270.81	0.00	-3599.96	1.71E-07
2	2	IC.HIA.00.BHZ	1148.12	323.67	137.02	0.00	-3599.99	2.04E-07
1	3	IC.BJT.00.BHZ	1099.58	266.85	 78.42	0.00	-3599.99	2.88E-07
0	4	G.INU.00.BHZ	957.75	130.97	315.91	0.00	-3599.99	2.99E-07
6	5	IU.MAJO.00.BHZ	950.12	120.73	306.48	0.00	-3599.98	2.60E-07
5	6	IU.INCN.00.BHZ	473.50	207.30	 25.74	0.00	-3599.98	4.81E-07
3	7	IC.MDJ.00.BHZ	371.58	  6.33	186.68	0.00	-3599.98	3.55E-07

[2025-10-01 13:15:40] - pysep - INFO: placing station labels on y-axis at: y_axis
[2025-10-01 13:15:40] - pysep - INFO: user requests inverting y-axis with absolute reverse sort
[2025-10-01 13:15:40] - pysep - INFO: saving figure to ./record_section.png
[2025-10-01 13:15:40] - pysep - INFO: finished record section in t=0:00:00.784213s
