[2025-08-20 14:37:23] - pysep - INFO: creating event metadata with user parameters
[2025-08-20 14:37:23] - pysep - INFO: event info summary - origin time: 2013-02-12T02:57:51.000000Z; lat=41.29; lon=129.07; depth[km]=0.5; magnitude=4.9
[2025-08-20 14:37:23] - pysep - INFO: full output directory is: Data/DPRK2013
[2025-08-20 14:37:23] - pysep - INFO: writing config YAML file
[2025-08-20 14:37:23] - pysep - INFO: writing event as QuakeML
[2025-08-20 14:37:23] - pysep - INFO: querying IRIS for station metadata
[2025-08-20 14:38:17] - pysep - INFO: collected 342 channels from 180 stations in 6 networks from IRIS
[2025-08-20 14:38:18] - pysep - INFO: 167 traces outside distance bounds [0, 1300]km
[2025-08-20 14:38:18] - pysep - INFO: 0 traces outside azimuth bounds [0, 360]deg
[2025-08-20 14:38:18] - pysep - INFO: writing inventory as StationXML
[2025-08-20 14:38:18] - pysep - INFO: querying client 'IRIS' for waveforms
[2025-08-20 14:38:18] - pysep - INFO: querying 13 lines in bulk client request...
[2025-08-20 14:38:53] - pysep - INFO: 17 waveforms returned after query
[2025-08-20 14:38:53] - pysep - INFO: writing stations file
[2025-08-20 14:38:53] - pysep - INFO: writing inventory as StationXML
[2025-08-20 14:38:53] - pysep - INFO: cleaning up channel naming
[2025-08-20 14:38:57] - pysep - INFO: applying linear detrend to all data
[2025-08-20 14:38:57] - pysep - INFO: removing response, output units in: DISP
[2025-08-20 14:38:57] - pysep - INFO: will apply pre-filter: default
[2025-08-20 14:39:00] - pysep - INFO: applying amplitude scale factor: 1
[2025-08-20 14:39:00] - pysep - INFO: trimming start and end times on a per-station basis
[2025-08-20 14:39:00] - pysep - INFO: writing waveform stream in MiniSEED
[2025-08-20 14:39:01] - pysep - INFO: writing all waveforms traces in SAC format
[2025-08-20 14:39:01] - pysep - INFO: plotting source receiver map
